This is pdfTeX, Version 3.14159265-2.6-1.40.21 (MiKTeX 21.1) (preloaded format=pdflatex 2021.1.29)  11 FEB 2021 06:44
entering extended mode
**./exp2.tex
(exp2.tex
LaTeX2e <2020-10-01> patch level 2
L3 programming layer <2020-10-27> xparse <2020-03-03>
(C:\Users\MohammadZakaria\AppData\Local\Programs\MiKTeX\tex/latex/base\article.
cls
Document Class: article 2020/04/10 v1.4m Standard LaTeX document class

(C:\Users\MohammadZakaria\AppData\Local\Programs\MiKTeX\tex/latex/base\size10.c
lo
File: size10.clo 2020/04/10 v1.4m Standard LaTeX file (size option)
)
\c@part=\count175
\c@section=\count176
\c@subsection=\count177
\c@subsubsection=\count178
\c@paragraph=\count179
\c@subparagraph=\count180
\c@figure=\count181
\c@table=\count182
\abovecaptionskip=\skip47
\belowcaptionskip=\skip48
\bibindent=\dimen138
) ("C:\Program Files\MiKTeX\tex/latex/mhchem\mhchem.sty"
Package: mhchem 2018/06/22 v4.08 for typesetting chemical formulae

(C:\Users\MohammadZakaria\AppData\Local\Programs\MiKTeX\tex/latex/l3kernel\expl
3.sty
Package: expl3 2020-10-27 L3 programming layer (loader) 

(C:\Users\MohammadZakaria\AppData\Local\Programs\MiKTeX\tex/latex/l3backend\l3b
ackend-pdftex.def
File: l3backend-pdftex.def 2020-09-24 L3 backend support: PDF output (pdfTeX)
\l__kernel_color_stack_int=\count183
\l__pdf_internal_box=\box47
))
(C:\Users\MohammadZakaria\AppData\Local\Programs\MiKTeX\tex/latex/l3packages/l3
keys2e\l3keys2e.sty
Package: l3keys2e 2020-10-27 LaTeX2e option processing using LaTeX3 keys
)
(C:\Users\MohammadZakaria\AppData\Local\Programs\MiKTeX\tex/latex/tools\calc.st
y
Package: calc 2017/05/25 v4.3 Infix arithmetic (KKT,FJ)
\calc@Acount=\count184
\calc@Bcount=\count185
\calc@Adimen=\dimen139
\calc@Bdimen=\dimen140
\calc@Askip=\skip49
\calc@Bskip=\skip50
LaTeX Info: Redefining \setlength on input line 80.
LaTeX Info: Redefining \addtolength on input line 81.
\calc@Ccount=\count186
\calc@Cskip=\skip51
)
(C:\Users\MohammadZakaria\AppData\Local\Programs\MiKTeX\tex/latex/amsmath\amsma
th.sty
Package: amsmath 2020/09/23 v2.17i AMS math features
\@mathmargin=\skip52

For additional information on amsmath, use the `?' option.

(C:\Users\MohammadZakaria\AppData\Local\Programs\MiKTeX\tex/latex/amsmath\amste
xt.sty
Package: amstext 2000/06/29 v2.01 AMS text

(C:\Users\MohammadZakaria\AppData\Local\Programs\MiKTeX\tex/latex/amsmath\amsge
n.sty
File: amsgen.sty 1999/11/30 v2.0 generic functions
\@emptytoks=\toks15
\ex@=\dimen141
))
(C:\Users\MohammadZakaria\AppData\Local\Programs\MiKTeX\tex/latex/amsmath\amsbs
y.sty
Package: amsbsy 1999/11/29 v1.2d Bold Symbols
\pmbraise@=\dimen142
)
(C:\Users\MohammadZakaria\AppData\Local\Programs\MiKTeX\tex/latex/amsmath\amsop
n.sty
Package: amsopn 2016/03/08 v2.02 operator names
)
\inf@bad=\count187
LaTeX Info: Redefining \frac on input line 234.
\uproot@=\count188
\leftroot@=\count189
LaTeX Info: Redefining \overline on input line 399.
\classnum@=\count190
\DOTSCASE@=\count191
LaTeX Info: Redefining \ldots on input line 496.
LaTeX Info: Redefining \dots on input line 499.
LaTeX Info: Redefining \cdots on input line 620.
\Mathstrutbox@=\box48
\strutbox@=\box49
\big@size=\dimen143
LaTeX Font Info:    Redeclaring font encoding OML on input line 743.
LaTeX Font Info:    Redeclaring font encoding OMS on input line 744.
\macc@depth=\count192
\c@MaxMatrixCols=\count193
\dotsspace@=\muskip16
\c@parentequation=\count194
\dspbrk@lvl=\count195
\tag@help=\toks16
\row@=\count196
\column@=\count197
\maxfields@=\count198
\andhelp@=\toks17
\eqnshift@=\dimen144
\alignsep@=\dimen145
\tagshift@=\dimen146
\tagwidth@=\dimen147
\totwidth@=\dimen148
\lineht@=\dimen149
\@envbody=\toks18
\multlinegap=\skip53
\multlinetaggap=\skip54
\mathdisplay@stack=\toks19
LaTeX Info: Redefining \[ on input line 2923.
LaTeX Info: Redefining \] on input line 2924.
) ("C:\Program Files\MiKTeX\tex/latex/chemgreek\chemgreek.sty"
(C:\Users\MohammadZakaria\AppData\Local\Programs\MiKTeX\tex/latex/l3packages/xp
arse\xparse.sty
Package: xparse 2020-10-27 L3 Experimental document command parser

(C:\Users\MohammadZakaria\AppData\Local\Programs\MiKTeX\tex/latex/l3packages/xp
arse\xparse-generic.tex))
Package: chemgreek 2020/01/16 v1.1a interface for upright Greek letters for use
 in chemistry (CN)
\l__chemgreek_tmpa_int=\count199
\g__chemgreek_tmpa_int=\count266
)
(C:\Users\MohammadZakaria\AppData\Local\Programs\MiKTeX\tex/latex/graphics\grap
hics.sty
Package: graphics 2020/08/30 v1.4c Standard LaTeX Graphics (DPC,SPQR)

(C:\Users\MohammadZakaria\AppData\Local\Programs\MiKTeX\tex/latex/graphics\trig
.sty
Package: trig 2016/01/03 v1.10 sin cos tan (DPC)
)
(C:\Users\MohammadZakaria\AppData\Local\Programs\MiKTeX\tex/latex/graphics-cfg\
graphics.cfg
File: graphics.cfg 2016/06/04 v1.11 sample graphics configuration
)
Package graphics Info: Driver file: pdftex.def on input line 105.

(C:\Users\MohammadZakaria\AppData\Local\Programs\MiKTeX\tex/latex/graphics-def\
pdftex.def
File: pdftex.def 2020/10/05 v1.2a Graphics/color driver for pdftex
))
\l__mhchem_ce_distanceFromLastComma_int=\count267
\__mhchem_arrow_extPgfLength_skip=\skip55
\mhchem@minispace@tmp=\skip56
\mhchem@minibackspace@tmp=\skip57
\mhchem@bondwidth=\skip58
\mhchem@bondheight=\skip59
\mhchem@smallbondwidth@tmpA=\skip60
\mhchem@smallbondwidth@tmpB=\skip61
\mhchem@smallbondwidth=\skip62
\mhchem@bondtmp@minussidebearingleft=\skip63
\mhchem@bondtmp@minussidebearingright=\skip64
\l__mhchem_option_version_int=\count268
\mhchem@option@minusmathsidebearingleft=\dimen150
\mhchem@option@minusmathsidebearingright=\dimen151
\mhchem@option@minustextsidebearingleft=\dimen152
\mhchem@option@minustextsidebearingright=\dimen153
) ("C:\Program Files\MiKTeX\tex/latex/siunitx\siunitx.sty"
Package: siunitx 2020/02/25 v2.8b A comprehensive (SI) units package

(C:\Users\MohammadZakaria\AppData\Local\Programs\MiKTeX\tex/latex/tools\array.s
ty
Package: array 2019/08/31 v2.4l Tabular extension package (FMi)
\col@sep=\dimen154
\ar@mcellbox=\box50
\extrarowheight=\dimen155
\NC@list=\toks20
\extratabsurround=\skip65
\backup@length=\skip66
\ar@cellbox=\box51
)
\l__siunitx_tmp_box=\box52
\l__siunitx_tmp_dim=\dimen156
\l__siunitx_tmp_int=\count269
\l__siunitx_number_mantissa_length_int=\count270
\l__siunitx_number_uncert_length_int=\count271
\l__siunitx_round_int=\count272
\l__siunitx_process_decimal_int=\count273
\l__siunitx_process_uncertainty_int=\count274
\l__siunitx_process_fixed_int=\count275
\l__siunitx_process_integer_min_int=\count276
\l__siunitx_process_precision_int=\count277
\l__siunitx_group_min_int=\count278
\l__siunitx_angle_marker_box=\box53
\l__siunitx_angle_unit_box=\box54
\l__siunitx_angle_marker_dim=\dimen157
\l__siunitx_angle_unit_dim=\dimen158
\l__siunitx_unit_int=\count279
\l__siunitx_unit_denominator_int=\count280
\l__siunitx_unit_numerator_int=\count281
\l__siunitx_unit_prefix_int=\count282
\l__siunitx_unit_prefix_base_int=\count283
\l__siunitx_unit_prefix_gram_int=\count284
\l__siunitx_number_product_int=\count285
\c__siunitx_one_fill_skip=\skip67
\l__siunitx_table_unit_align_skip=\skip68
\l__siunitx_table_exponent_dim=\dimen159
\l__siunitx_table_integer_dim=\dimen160
\l__siunitx_table_mantissa_dim=\dimen161
\l__siunitx_table_marker_dim=\dimen162
\l__siunitx_table_result_dim=\dimen163
\l__siunitx_table_uncert_dim=\dimen164
\l__siunitx_table_fill_pre_dim=\dimen165
\l__siunitx_table_fill_post_dim=\dimen166
\l__siunitx_table_fill_mid_dim=\dimen167
\l__siunitx_table_pre_box=\box55
\l__siunitx_table_post_box=\box56
\l__siunitx_table_mantissa_box=\box57
\l__siunitx_table_result_box=\box58
\l__siunitx_table_number_align_skip=\skip69
\l__siunitx_table_text_align_skip=\skip70
 ("C:\Program Files\MiKTeX\tex/latex/translator\translator.sty"
Package: translator 2020-08-03 v1.12c Easy translation of strings in LaTeX

(C:\Users\MohammadZakaria\AppData\Local\Programs\MiKTeX\tex/latex/graphics\keyv
al.sty
Package: keyval 2014/10/28 v1.15 key=value parser (DPC)
\KV@toks@=\toks21
)))
(C:\Users\MohammadZakaria\AppData\Local\Programs\MiKTeX\tex/latex/graphics\grap
hicx.sty
Package: graphicx 2020/09/09 v1.2b Enhanced LaTeX Graphics (DPC,SPQR)
\Gin@req@height=\dimen168
\Gin@req@width=\dimen169
) ("C:\Program Files\MiKTeX\tex/latex/natbib\natbib.sty"
Package: natbib 2010/09/13 8.31b (PWD, AO)
\bibhang=\skip71
\bibsep=\skip72
LaTeX Info: Redefining \cite on input line 694.
\c@NAT@ctr=\count286
)
("C:\Program Files\MiKTeX\tex/latex/comment\comment.sty"
\CommentStream=\write3

Excluding comment 'comment')
(C:\Users\MohammadZakaria\AppData\Local\Programs\MiKTeX\tex/latex/amsfonts\amsf
onts.sty
Package: amsfonts 2013/01/14 v3.01 Basic AMSFonts support
\symAMSa=\mathgroup4
\symAMSb=\mathgroup5
LaTeX Font Info:    Redeclaring math symbol \hbar on input line 98.
LaTeX Font Info:    Overwriting math alphabet `\mathfrak' in version `bold'
(Font)                  U/euf/m/n --> U/euf/b/n on input line 106.
)
(C:\Users\MohammadZakaria\AppData\Local\Programs\MiKTeX\tex/latex/amsfonts\amss
ymb.sty
Package: amssymb 2013/01/14 v3.01 AMS font symbols
)
(C:\Users\MohammadZakaria\AppData\Local\Programs\MiKTeX\tex/latex/geometry\geom
etry.sty
Package: geometry 2020/01/02 v5.9 Page Geometry

(C:\Users\MohammadZakaria\AppData\Local\Programs\MiKTeX\tex/generic/iftex\ifvte
x.sty
Package: ifvtex 2019/10/25 v1.7 ifvtex legacy package. Use iftex instead.

(C:\Users\MohammadZakaria\AppData\Local\Programs\MiKTeX\tex/generic/iftex\iftex
.sty
Package: iftex 2020/03/06 v1.0d TeX engine tests
))
\Gm@cnth=\count287
\Gm@cntv=\count288
\c@Gm@tempcnt=\count289
\Gm@bindingoffset=\dimen170
\Gm@wd@mp=\dimen171
\Gm@odd@mp=\dimen172
\Gm@even@mp=\dimen173
\Gm@layoutwidth=\dimen174
\Gm@layoutheight=\dimen175
\Gm@layouthoffset=\dimen176
\Gm@layoutvoffset=\dimen177
\Gm@dimlist=\toks22

(C:\Users\MohammadZakaria\AppData\Local\Programs\MiKTeX\tex/latex/geometry\geom
etry.cfg))
(C:\Users\MohammadZakaria\AppData\Local\Programs\MiKTeX\tex/latex/base\textcomp
.sty
Package: textcomp 2020/02/02 v2.0n Standard LaTeX package
) (exp2.aux

LaTeX Warning: Label `fig:vout1' multiply defined.


LaTeX Warning: Label `fig:vout1' multiply defined.

)
\openout1 = `exp2.aux'.

LaTeX Font Info:    Checking defaults for OML/cmm/m/it on input line 27.
LaTeX Font Info:    ... okay on input line 27.
LaTeX Font Info:    Checking defaults for OMS/cmsy/m/n on input line 27.
LaTeX Font Info:    ... okay on input line 27.
LaTeX Font Info:    Checking defaults for OT1/cmr/m/n on input line 27.
LaTeX Font Info:    ... okay on input line 27.
LaTeX Font Info:    Checking defaults for T1/cmr/m/n on input line 27.
LaTeX Font Info:    ... okay on input line 27.
LaTeX Font Info:    Checking defaults for TS1/cmr/m/n on input line 27.
LaTeX Font Info:    ... okay on input line 27.
LaTeX Font Info:    Checking defaults for OMX/cmex/m/n on input line 27.
LaTeX Font Info:    ... okay on input line 27.
LaTeX Font Info:    Checking defaults for U/cmr/m/n on input line 27.
LaTeX Font Info:    ... okay on input line 27.

Package chemgreek Info: Activating mapping `default' on line 27.


(C:\Users\MohammadZakaria\AppData\Local\Programs\MiKTeX\tex/context/base/mkii\s
upp-pdf.mkii
[Loading MPS to PDF converter (version 2006.09.02).]
\scratchcounter=\count290
\scratchdimen=\dimen178
\scratchbox=\box59
\nofMPsegments=\count291
\nofMParguments=\count292
\everyMPshowfont=\toks23
\MPscratchCnt=\count293
\MPscratchDim=\dimen179
\MPnumerator=\count294
\makeMPintoPDFobject=\count295
\everyMPtoPDFconversion=\toks24
)
(C:\Users\MohammadZakaria\AppData\Local\Programs\MiKTeX\tex/latex/epstopdf-pkg\
epstopdf-base.sty
Package: epstopdf-base 2020-01-24 v2.11 Base part for package epstopdf
Package epstopdf-base Info: Redefining graphics rule for `.eps' on input line 4
85.
)
("C:\Program Files\MiKTeX\tex/latex/siunitx\siunitx-abbreviations.cfg"
File: siunitx-abbreviations.cfg 2017/11/26 v2.7k siunitx: Abbreviated units
)
("C:\Program Files\MiKTeX\tex/latex/translator\translator-basic-dictionary-Engl
ish.dict"
Dictionary: translator-basic-dictionary, Language: English 
)
*geometry* driver: auto-detecting
*geometry* detected driver: pdftex
*geometry* verbose mode - [ preamble ] result:
* driver: pdftex
* paper: <default>
* layout: <same size as paper>
* layoutoffset:(h,v)=(0.0pt,0.0pt)
* modes: 
* h-part:(L,W,R)=(72.26999pt, 469.75502pt, 72.26999pt)
* v-part:(T,H,B)=(72.26999pt, 650.43001pt, 72.26999pt)
* \paperwidth=614.295pt
* \paperheight=794.96999pt
* \textwidth=469.75502pt
* \textheight=650.43001pt
* \oddsidemargin=0.0pt
* \evensidemargin=0.0pt
* \topmargin=-37.0pt
* \headheight=12.0pt
* \headsep=25.0pt
* \topskip=10.0pt
* \footskip=30.0pt
* \marginparwidth=65.0pt
* \marginparsep=11.0pt
* \columnsep=10.0pt
* \skip\footins=9.0pt plus 4.0pt minus 2.0pt
* \hoffset=0.0pt
* \voffset=0.0pt
* \mag=1000
* \@twocolumnfalse
* \@twosidefalse
* \@mparswitchfalse
* \@reversemarginfalse
* (1in=72.27pt=25.4mm, 1cm=28.453pt)

LaTeX Font Info:    Trying to load font information for U+msa on input line 27.


(C:\Users\MohammadZakaria\AppData\Local\Programs\MiKTeX\tex/latex/amsfonts\umsa
.fd
File: umsa.fd 2013/01/14 v3.01 AMS symbols A
)
LaTeX Font Info:    Trying to load font information for U+msb on input line 27.


(C:\Users\MohammadZakaria\AppData\Local\Programs\MiKTeX\tex/latex/amsfonts\umsb
.fd
File: umsb.fd 2013/01/14 v3.01 AMS symbols B
)

pdfTeX warning: pdflatex.exe (file ./ckt-diagram-halfwave.pdf): PDF inclusion: 
found PDF version <1.7>, but at most version <1.5> allowed
<ckt-diagram-halfwave.pdf, id=1, 794.97pt x 614.295pt>
File: ckt-diagram-halfwave.pdf Graphic file (type pdf)
<use ckt-diagram-halfwave.pdf>
Package pdftex.def Info: ckt-diagram-halfwave.pdf  used on input line 93.
(pdftex.def)             Requested size: 305.33789pt x 235.94658pt.

Underfull \hbox (badness 10000) in paragraph at lines 96--97

 []



pdfTeX warning: pdflatex.exe (file ./Vout1.pdf): PDF inclusion: found PDF versi
on <1.7>, but at most version <1.5> allowed
<Vout1.pdf, id=2, 794.97pt x 614.295pt>
File: Vout1.pdf Graphic file (type pdf)
<use Vout1.pdf>
Package pdftex.def Info: Vout1.pdf  used on input line 104.
(pdftex.def)             Requested size: 328.82707pt x 254.10281pt.


pdfTeX warning: pdflatex.exe (file ./Vout-for-1UFD-capacitor.pdf): PDF inclusio
n: found PDF version <1.7>, but at most version <1.5> allowed
<Vout-for-1UFD-capacitor.pdf, id=3, 794.97pt x 614.295pt>
File: Vout-for-1UFD-capacitor.pdf Graphic file (type pdf)
<use Vout-for-1UFD-capacitor.pdf>
Package pdftex.def Info: Vout-for-1UFD-capacitor.pdf  used on input line 111.
(pdftex.def)             Requested size: 328.82707pt x 254.10281pt.


pdfTeX warning: pdflatex.exe (file ./Vout-for-47UFD.pdf): PDF inclusion: found 
PDF version <1.7>, but at most version <1.5> allowed
<Vout-for-47UFD.pdf, id=4, 794.97pt x 614.295pt>
File: Vout-for-47UFD.pdf Graphic file (type pdf)
<use Vout-for-47UFD.pdf>
Package pdftex.def Info: Vout-for-47UFD.pdf  used on input line 118.
(pdftex.def)             Requested size: 328.82707pt x 254.10281pt.


pdfTeX warning: pdflatex.exe (file ./Vout-and-Vin-for-halfwavefinal.pdf): PDF i
nclusion: found PDF version <1.7>, but at most version <1.5> allowed
<Vout-and-Vin-for-halfwavefinal.pdf, id=5, 794.97pt x 614.295pt>
File: Vout-and-Vin-for-halfwavefinal.pdf Graphic file (type pdf)
<use Vout-and-Vin-for-halfwavefinal.pdf>
Package pdftex.def Info: Vout-and-Vin-for-halfwavefinal.pdf  used on input line
 125.
(pdftex.def)             Requested size: 328.82707pt x 254.10281pt.


pdfTeX warning: pdflatex.exe (file ./ckt-diagram-fullwave.pdf): PDF inclusion: 
found PDF version <1.7>, but at most version <1.5> allowed
<ckt-diagram-fullwave.pdf, id=6, 794.97pt x 614.295pt>
File: ckt-diagram-fullwave.pdf Graphic file (type pdf)
<use ckt-diagram-fullwave.pdf>
Package pdftex.def Info: ckt-diagram-fullwave.pdf  used on input line 135.
(pdftex.def)             Requested size: 305.33789pt x 235.94658pt.
File: Vout1.pdf Graphic file (type pdf)
<use Vout1.pdf>
Package pdftex.def Info: Vout1.pdf  used on input line 143.
(pdftex.def)             Requested size: 328.82707pt x 254.10281pt.


pdfTeX warning: pdflatex.exe (file ./Vout1-for-bride-fullwave-with-1ufd-capacit
or.pdf): PDF inclusion: found PDF version <1.7>, but at most version <1.5> allo
wed
<Vout1-for-bride-fullwave-with-1ufd-capacitor.pdf, id=7, 794.97pt x 614.295pt>
File: Vout1-for-bride-fullwave-with-1ufd-capacitor.pdf Graphic file (type pdf)
<use Vout1-for-bride-fullwave-with-1ufd-capacitor.pdf>
Package pdftex.def Info: Vout1-for-bride-fullwave-with-1ufd-capacitor.pdf  used
 on input line 151.
(pdftex.def)             Requested size: 305.33789pt x 235.94658pt.


pdfTeX warning: pdflatex.exe (file ./Vout1-for-bride-fullwave-with-47ufd-capaci
tor.pdf): PDF inclusion: found PDF version <1.7>, but at most version <1.5> all
owed
<Vout1-for-bride-fullwave-with-47ufd-capacitor.pdf, id=8, 794.97pt x 614.295pt>

File: Vout1-for-bride-fullwave-with-47ufd-capacitor.pdf Graphic file (type pdf)

<use Vout1-for-bride-fullwave-with-47ufd-capacitor.pdf>
Package pdftex.def Info: Vout1-for-bride-fullwave-with-47ufd-capacitor.pdf  use
d on input line 160.
(pdftex.def)             Requested size: 305.33789pt x 235.94658pt.


pdfTeX warning: pdflatex.exe (file ./Vout1-for-bride-fullwave-with-220ufd-capac
itor.pdf): PDF inclusion: found PDF version <1.7>, but at most version <1.5> al
lowed
<Vout1-for-bride-fullwave-with-220ufd-capacitor.pdf, id=9, 794.97pt x 614.295pt
>
File: Vout1-for-bride-fullwave-with-220ufd-capacitor.pdf Graphic file (type pdf
)
<use Vout1-for-bride-fullwave-with-220ufd-capacitor.pdf>
Package pdftex.def Info: Vout1-for-bride-fullwave-with-220ufd-capacitor.pdf  us
ed on input line 168.
(pdftex.def)             Requested size: 328.82707pt x 254.10281pt.
[1

{C:/Users/MohammadZakaria/AppData/Local/MiKTeX/pdftex/config/pdftex.map}]
[2 <./ckt-diagram-halfwave.pdf> <./Vout1.pdf>] [3 <./Vout-for-1UFD-capacitor.pd
f> <./Vout-for-47UFD.pdf>] [4 <./Vout-and-Vin-for-halfwavefinal.pdf> <./ckt-dia
gram-fullwave.pdf>] [5 <./Vout1-for-bride-fullwave-with-1ufd-capacitor.pdf>]
[6 <./Vout1-for-bride-fullwave-with-47ufd-capacitor.pdf> <./Vout1-for-bride-ful
lwave-with-220ufd-capacitor.pdf>] (exp2.aux)

LaTeX Warning: There were multiply-defined labels.

 ) 
Here is how much of TeX's memory you used:
 6680 strings out of 479799
 137240 string characters out of 2864973
 420560 words of memory out of 3000000
 23598 multiletter control sequences out of 15000+200000
 546101 words of font info for 73 fonts, out of 3000000 for 9000
 1141 hyphenation exceptions out of 8191
 79i,6n,85p,422b,533s stack positions out of 5000i,500n,10000p,200000b,50000s
 <C:\Users\MohammadZakaria\AppData\Local\MiKTeX\fonts/pk/ljfour/jknappen/ec/d
pi600\tcrm1000.pk><C:/Users/MohammadZakaria/AppData/Local/Programs/MiKTeX/fonts
/type1/public/amsfonts/cm/cmbx10.pfb><C:/Users/MohammadZakaria/AppData/Local/Pr
ograms/MiKTeX/fonts/type1/public/amsfonts/cm/cmbx12.pfb><C:/Users/MohammadZakar
ia/AppData/Local/Programs/MiKTeX/fonts/type1/public/amsfonts/cm/cmcsc10.pfb><C:
/Users/MohammadZakaria/AppData/Local/Programs/MiKTeX/fonts/type1/public/amsfont
s/cm/cmmi10.pfb><C:/Users/MohammadZakaria/AppData/Local/Programs/MiKTeX/fonts/t
ype1/public/amsfonts/cm/cmmi7.pfb><C:/Users/MohammadZakaria/AppData/Local/Progr
ams/MiKTeX/fonts/type1/public/amsfonts/cm/cmr10.pfb><C:/Users/MohammadZakaria/A
ppData/Local/Programs/MiKTeX/fonts/type1/public/amsfonts/cm/cmr12.pfb><C:/Users
/MohammadZakaria/AppData/Local/Programs/MiKTeX/fonts/type1/public/amsfonts/cm/c
mr17.pfb><C:/Users/MohammadZakaria/AppData/Local/Programs/MiKTeX/fonts/type1/pu
blic/amsfonts/cm/cmsy10.pfb><C:/Users/MohammadZakaria/AppData/Local/Programs/Mi
KTeX/fonts/type1/public/amsfonts/symbols/msbm10.pfb>
Output written on exp2.pdf (6 pages, 727894 bytes).
PDF statistics:
 156 PDF objects out of 1000 (max. 8388607)
 0 named destinations out of 1000 (max. 500000)
 46 words of extra memory for PDF output out of 10000 (max. 10000000)

