
**** 02/11/21 01:58:28 *********** Evaluation PSpice (Nov 1999) **************

 * C:\Users\MohammadZakaria\Desktop\Semester-3rd-EEE\EEE-2302 Electronics Sessional\exp2\Schematic1.sch


 ****     CIRCUIT DESCRIPTION


******************************************************************************




* Schematics Version 9.1 - Web Update 1
* Thu Feb 11 01:58:19 2021



** Analysis setup **
.tran 0ns 2ms
.OP 


* From [PSPICE NETLIST] section of pspiceev.ini:
.lib "nom.lib"

.INC "Schematic1.net"

**** INCLUDING Schematic1.net ****
* Schematics Netlist *



D_D1         Vin Vout D1N4002 
V_V1         Vin 0 DC 0 AC 0
+SIN 0 12v 1k 0 0 0
R_R1         0 Vout  1k  
C_C1         0 Vout  1000UFD  
D_D2         $N_0001 Vout1 D1N4002 
D_D3         Vin1 Vout1 D1N4002 
D_D4         0 $N_0001 D1N4002 
D_D5         0 Vin1 D1N4002 
V_V2         Vin1 $N_0001 DC 0 AC 0
+SIN 0 12v 1k 0 0 0
R_R2         0 Vout1  1k  
C_C2         0 Vout1  220UFD  

**** RESUMING Schematic1.cir ****
.INC "Schematic1.als"



**** INCLUDING Schematic1.als ****
* Schematics Aliases *

.ALIASES
D_D1            D1(1=Vin 2=Vout )
V_V1            V1(+=Vin -=0 )
R_R1            R1(1=0 2=Vout )
C_C1            C1(1=0 2=Vout )
D_D2            D2(1=$N_0001 2=Vout1 )
D_D3            D3(1=Vin1 2=Vout1 )
D_D4            D4(1=0 2=$N_0001 )
D_D5            D5(1=0 2=Vin1 )
V_V2            V2(+=Vin1 -=$N_0001 )
R_R2            R2(1=0 2=Vout1 )
C_C2            C2(1=0 2=Vout1 )
_    _(Vin=Vin)
_    _(Vout=Vout)
_    _(Vout1=Vout1)
_    _(Vin1=Vin1)
.ENDALIASES


**** RESUMING Schematic1.cir ****
.probe


.END

**** 02/11/21 01:58:28 *********** Evaluation PSpice (Nov 1999) **************

 * C:\Users\MohammadZakaria\Desktop\Semester-3rd-EEE\EEE-2302 Electronics Sessional\exp2\Schematic1.sch


 ****     Diode MODEL PARAMETERS


******************************************************************************




               D1N4002         
          IS   14.110000E-09 
           N    1.984        
         ISR  100.000000E-12 
         IKF   94.81         
          BV  100.1          
         IBV   10            
          RS     .03389      
          TT    4.761000E-06 
         CJO   51.170000E-12 
          VJ     .3905       
           M     .2762       


**** 02/11/21 01:58:28 *********** Evaluation PSpice (Nov 1999) **************

 * C:\Users\MohammadZakaria\Desktop\Semester-3rd-EEE\EEE-2302 Electronics Sessional\exp2\Schematic1.sch


 ****     SMALL SIGNAL BIAS SOLUTION       TEMPERATURE =   27.000 DEG C


******************************************************************************



 NODE   VOLTAGE     NODE   VOLTAGE     NODE   VOLTAGE     NODE   VOLTAGE


(  Vin)    0.0000  ( Vin1)-1.681E-18  ( Vout)-30.71E-21  (Vout1)-61.43E-21      

($N_0001)-1.681E-18                   




    VOLTAGE SOURCE CURRENTS
    NAME         CURRENT

    V_V1         3.071E-23
    V_V2         0.000E+00

    TOTAL POWER DISSIPATION   0.00E+00  WATTS


**** 02/11/21 01:58:28 *********** Evaluation PSpice (Nov 1999) **************

 * C:\Users\MohammadZakaria\Desktop\Semester-3rd-EEE\EEE-2302 Electronics Sessional\exp2\Schematic1.sch


 ****     OPERATING POINT INFORMATION      TEMPERATURE =   27.000 DEG C


******************************************************************************






**** DIODES


NAME         D_D1        D_D2        D_D3        D_D4        D_D5      
MODEL        D1N4002     D1N4002     D1N4002     D1N4002     D1N4002   
ID           0.00E+00    0.00E+00    0.00E+00    0.00E+00    0.00E+00 
VD           3.07E-20   -1.62E-18   -1.62E-18    1.68E-18    1.68E-18 
REQ          3.61E+06    3.61E+06    3.61E+06    3.61E+06    3.61E+06 
CAP          5.25E-11    5.25E-11    5.25E-11    5.25E-11    5.25E-11 
**** 02/11/21 01:58:28 *********** Evaluation PSpice (Nov 1999) **************

 * C:\Users\MohammadZakaria\Desktop\Semester-3rd-EEE\EEE-2302 Electronics Sessional\exp2\Schematic1.sch


 ****     INITIAL TRANSIENT SOLUTION       TEMPERATURE =   27.000 DEG C


******************************************************************************



 NODE   VOLTAGE     NODE   VOLTAGE     NODE   VOLTAGE     NODE   VOLTAGE


(  Vin)    0.0000  ( Vin1)-1.681E-18  ( Vout)-30.71E-21  (Vout1)-61.43E-21      

($N_0001)-1.681E-18                   




    VOLTAGE SOURCE CURRENTS
    NAME         CURRENT

    V_V1         3.071E-23
    V_V2         0.000E+00

    TOTAL POWER DISSIPATION   0.00E+00  WATTS



          JOB CONCLUDED

          TOTAL JOB TIME             .03
